/home/snowch/sage/local/var/lib/sage/venv-python3.10/lib/python3.10/site-packages/traitlets/traitlets.py:3925: DeprecationWarning: Keyword `trait` is deprecated in traitlets 5.0, use `value_trait` instead
  warn(
/home/snowch/sage/local/var/lib/sage/venv-python3.10/lib/python3.10/site-packages/traitlets/traitlets.py:3622: DeprecationWarning: Traits should be given as instances, not types (for example, `Int()`, not `Int`). Passing types is deprecated in traitlets 4.1.
  super().__init__(trait=trait, default_value=default_value, **kwargs)
/home/snowch/sage/local/var/lib/sage/venv-python3.10/lib/python3.10/site-packages/jupyter_lsp/handlers.py:6: DeprecationWarning: jupyter_server.base.zmqhandlers module is deprecated in Jupyter Server 2.0
  from jupyter_server.base.zmqhandlers import WebSocketHandler, WebSocketMixin
WARNING:traitlets:A `_jupyter_server_extension_points` function was not found in jupyter_lsp. Instead, a `_jupyter_server_extension_paths` function was found and will be used for now. This function name will be deprecated in future releases of Jupyter Server.
WARNING:traitlets:A `_jupyter_server_extension_points` function was not found in notebook_shim. Instead, a `_jupyter_server_extension_paths` function was found and will be used for now. This function name will be deprecated in future releases of Jupyter Server.
[I 2024-05-16 13:19:51.964 ServerApp] jupyter_lsp | extension was successfully linked.
[I 2024-05-16 13:19:51.967 ServerApp] jupyter_server_terminals | extension was successfully linked.
[I 2024-05-16 13:19:51.970 ServerApp] jupyterlab | extension was successfully linked.
[I 2024-05-16 13:19:51.973 ServerApp] notebook | extension was successfully linked.
/home/snowch/sage/local/var/lib/sage/venv-python3.10/lib/python3.10/site-packages/traitlets/traitlets.py:1900: DeprecationWarning: ServerApp.token config is deprecated in jupyter-server 2.0. Use IdentityProvider.token
  return t.cast(Sentinel, self._get_trait_default_generator(names[0])(self))
[I 2024-05-16 13:19:51.977 ServerApp] notebook_shim | extension was successfully linked.
[I 2024-05-16 13:19:52.008 ServerApp] notebook_shim | extension was successfully loaded.
/home/snowch/sage/local/var/lib/sage/venv-python3.10/lib/python3.10/site-packages/jupyter_server/extension/manager.py:115: DeprecationWarning: A `_load_jupyter_server_extension` function was not found in <module 'jupyter_lsp' from '/home/snowch/sage/local/var/lib/sage/venv-python3.10/lib/python3.10/site-packages/jupyter_lsp/__init__.py'>. Instead, a `load_jupyter_server_extension` function was found and will be used for now. This function name will be deprecated in future releases of Jupyter Server.
  loader = get_loader(loc)
[I 2024-05-16 13:19:52.010 ServerApp] jupyter_lsp | extension was successfully loaded.
[I 2024-05-16 13:19:52.011 ServerApp] jupyter_server_terminals | extension was successfully loaded.
/home/snowch/sage/local/var/lib/sage/venv-python3.10/lib/python3.10/site-packages/traitlets/traitlets.py:1900: DeprecationWarning: ServerApp.token config is deprecated in jupyter-server 2.0. Use IdentityProvider.token
  return t.cast(Sentinel, self._get_trait_default_generator(names[0])(self))
[I 2024-05-16 13:19:52.014 LabApp] JupyterLab extension loaded from /home/snowch/sage/local/var/lib/sage/venv-python3.10/lib/python3.10/site-packages/jupyterlab
[I 2024-05-16 13:19:52.014 LabApp] JupyterLab application directory is /home/snowch/sage/local/var/lib/sage/venv-python3.10/share/jupyter/lab
[I 2024-05-16 13:19:52.015 LabApp] Extension Manager is 'pypi'.
[I 2024-05-16 13:19:52.060 ServerApp] jupyterlab | extension was successfully loaded.
[I 2024-05-16 13:19:52.062 ServerApp] notebook | extension was successfully loaded.
[I 2024-05-16 13:19:52.063 ServerApp] Serving notebooks from local directory: /home/snowch/Documents/Github/learn_linear_algebra
[I 2024-05-16 13:19:52.063 ServerApp] Jupyter Server 2.7.3 is running at:
[I 2024-05-16 13:19:52.063 ServerApp] http://localhost:8888/lab?token=4d51d33bc101d8f95ccb29a20a86cced3595af266ce8c469
[I 2024-05-16 13:19:52.063 ServerApp]     http://127.0.0.1:8888/lab?token=4d51d33bc101d8f95ccb29a20a86cced3595af266ce8c469
[I 2024-05-16 13:19:52.063 ServerApp] Use Control-C to stop this server and shut down all kernels (twice to skip confirmation).
[C 2024-05-16 13:19:52.080 ServerApp] 
    
    To access the server, open this file in a browser:
        file:///home/snowch/.local/share/jupyter/runtime/jpserver-3835-open.html
    Or copy and paste one of these URLs:
        http://localhost:8888/lab?token=4d51d33bc101d8f95ccb29a20a86cced3595af266ce8c469
        http://127.0.0.1:8888/lab?token=4d51d33bc101d8f95ccb29a20a86cced3595af266ce8c469
[I 2024-05-16 13:19:52.691 ServerApp] Skipped non-installed server(s): bash-language-server, dockerfile-language-server-nodejs, javascript-typescript-langserver, jedi-language-server, julia-language-server, pyright, python-language-server, python-lsp-server, r-languageserver, sql-language-server, texlab, typescript-language-server, unified-language-server, vscode-css-languageserver-bin, vscode-html-languageserver-bin, vscode-json-languageserver-bin, yaml-language-server
[W 2024-05-16 13:19:55.688 ServerApp] 404 GET /nbextensions/jupyter-jsmol/jsmol/JSmol.min.js (04a8291420b3481d933037bb65828baa@127.0.0.1) 19.30ms referer=http://localhost:8888/lab
[W 2024-05-16 13:19:55.914 ServerApp] 404 GET /api/contents/notebooks/03-matrix-row-operations.ipynb?content=0&hash=0&1715861995901 (127.0.0.1): No such file or directory: notebooks/03-matrix-row-operations.ipynb
[W 2024-05-16 13:19:55.914 ServerApp] wrote error: 'No such file or directory: notebooks/03-matrix-row-operations.ipynb'
    Traceback (most recent call last):
      File "/home/snowch/sage/local/var/lib/sage/venv-python3.10/lib/python3.10/site-packages/tornado/web.py", line 1790, in _execute
        result = await result
      File "/home/snowch/sage/local/var/lib/sage/venv-python3.10/lib/python3.10/site-packages/jupyter_server/services/contents/handlers.py", line 121, in get
        model = await ensure_async(
      File "/home/snowch/sage/local/var/lib/sage/venv-python3.10/lib/python3.10/site-packages/jupyter_core/utils/__init__.py", line 184, in ensure_async
        result = await obj
      File "/home/snowch/sage/local/var/lib/sage/venv-python3.10/lib/python3.10/site-packages/jupyter_server/services/contents/filemanager.py", line 861, in get
        raise web.HTTPError(404, "No such file or directory: %s" % path)
    tornado.web.HTTPError: HTTP 404: Not Found (No such file or directory: notebooks/03-matrix-row-operations.ipynb)
[W 2024-05-16 13:19:55.918 ServerApp] 404 GET /api/contents/notebooks/03-matrix-row-operations.ipynb?content=0&hash=0&1715861995901 (04a8291420b3481d933037bb65828baa@127.0.0.1) 8.59ms referer=http://localhost:8888/lab
[I 2024-05-16 13:19:56.162 LabApp] Build is up to date
[I 2024-05-16 13:19:56.872 ServerApp] Kernel started: a6a59df2-e32a-4550-8ead-678d5ee69c32
[I 2024-05-16 13:19:56.886 ServerApp] Kernel started: f61ed8e2-066c-46de-8487-f4d47c867bd6
[I 2024-05-16 13:19:56.891 ServerApp] Kernel started: 6c494621-f2d3-47e4-aa02-ee197a367450
[W 2024-05-16 13:19:57.093 ServerApp] 404 GET /nbextensions/threejs-sage/r122/three.min.js (04a8291420b3481d933037bb65828baa@127.0.0.1) 2.55ms referer=http://localhost:8888/lab
/home/snowch/sage/local/var/lib/sage/venv-python3.10/bin/sage-venv-config:4: DeprecationWarning: pkg_resources is deprecated as an API. See https://setuptools.pypa.io/en/latest/pkg_resources.html
  __import__('pkg_resources').require('sagemath-standard==10.3')
/home/snowch/sage/local/var/lib/sage/venv-python3.10/bin/sage-venv-config:4: DeprecationWarning: pkg_resources is deprecated as an API. See https://setuptools.pypa.io/en/latest/pkg_resources.html
  __import__('pkg_resources').require('sagemath-standard==10.3')
┌────────────────────────────────────────────────────────────────────┐
│ SageMath version 10.3, Release Date: 2024-03-19                    │
│ Using Python 3.10.12. Type "help()" for help.                      │
└────────────────────────────────────────────────────────────────────┘
Please wait while the Jupyterlab server starts...
